[2613:2658:1114/063038:ERROR:ssl_client_socket_openssl.cc(1132)] handshake failed; returned -1, SSL error code 1, net_error -100
[2613:2658:1114/063056:ERROR:ssl_client_socket_openssl.cc(1132)] handshake failed; returned -1, SSL error code 1, net_error -100
[2613:2613:1114/063114:ERROR:CONSOLE(0)] "Failed to execute 'postMessage' on 'DOMWindow': The target origin provided ('https://drive.google.com') does not match the recipient window's origin ('https://www.google.co.in').", source:  (0)
[1:1:1114/063354:ERROR:PlatformKeyboardEvent.cpp(117)] Not implemented reached in static PlatformEvent::Modifiers blink::PlatformKeyboardEvent::getCurrentModifierState()
[1:1:1114/063355:ERROR:PlatformKeyboardEvent.cpp(117)] Not implemented reached in static PlatformEvent::Modifiers blink::PlatformKeyboardEvent::getCurrentModifierState()
[1:1:1114/063413:ERROR:PlatformKeyboardEvent.cpp(117)] Not implemented reached in static PlatformEvent::Modifiers blink::PlatformKeyboardEvent::getCurrentModifierState()
[2613:2613:1114/063439:ERROR:CONSOLE(2)] "Uncaught SecurityError: Failed to read the 'contentDocument' property from 'HTMLIFrameElement': Blocked a frame with origin "https://www.google.co.in" from accessing a frame with origin "chrome-search://most-visited".  The frame requesting access has a protocol of "https", the frame being accessed has a protocol of "chrome-search". Protocols must match.
", source: chrome-extension://laankejkbhbdhmipfmgcngdelahlfoji/core/vendor/jquery.min.js (2)
[1:1:1114/063447:ERROR:PlatformKeyboardEvent.cpp(117)] Not implemented reached in static PlatformEvent::Modifiers blink::PlatformKeyboardEvent::getCurrentModifierState()
[1:1:1114/063450:ERROR:PlatformKeyboardEvent.cpp(117)] Not implemented reached in static PlatformEvent::Modifiers blink::PlatformKeyboardEvent::getCurrentModifierState()
[1:1:1114/063450:ERROR:PlatformKeyboardEvent.cpp(117)] Not implemented reached in static PlatformEvent::Modifiers blink::PlatformKeyboardEvent::getCurrentModifierState()
[1:1:1114/063451:ERROR:PlatformKeyboardEvent.cpp(117)] Not implemented reached in static PlatformEvent::Modifiers blink::PlatformKeyboardEvent::getCurrentModifierState()
[1:1:1114/063453:ERROR:PlatformKeyboardEvent.cpp(117)] Not implemented reached in static PlatformEvent::Modifiers blink::PlatformKeyboardEvent::getCurrentModifierState()
[1:1:1114/063454:ERROR:PlatformKeyboardEvent.cpp(117)] Not implemented reached in static PlatformEvent::Modifiers blink::PlatformKeyboardEvent::getCurrentModifierState()
[1:1:1114/063501:ERROR:PlatformKeyboardEvent.cpp(117)] Not implemented reached in static PlatformEvent::Modifiers blink::PlatformKeyboardEvent::getCurrentModifierState()
[1:1:1114/063502:ERROR:PlatformKeyboardEvent.cpp(117)] Not implemented reached in static PlatformEvent::Modifiers blink::PlatformKeyboardEvent::getCurrentModifierState()
[1:1:1114/063526:ERROR:PlatformKeyboardEvent.cpp(117)] Not implemented reached in static PlatformEvent::Modifiers blink::PlatformKeyboardEvent::getCurrentModifierState()
[1:1:1114/063527:ERROR:PlatformKeyboardEvent.cpp(117)] Not implemented reached in static PlatformEvent::Modifiers blink::PlatformKeyboardEvent::getCurrentModifierState()
[1:1:1114/063527:ERROR:PlatformKeyboardEvent.cpp(117)] Not implemented reached in static PlatformEvent::Modifiers blink::PlatformKeyboardEvent::getCurrentModifierState()
[1:1:1114/063528:ERROR:PlatformKeyboardEvent.cpp(117)] Not implemented reached in static PlatformEvent::Modifiers blink::PlatformKeyboardEvent::getCurrentModifierState()
[1:1:1114/063528:ERROR:PlatformKeyboardEvent.cpp(117)] Not implemented reached in static PlatformEvent::Modifiers blink::PlatformKeyboardEvent::getCurrentModifierState()
[1:1:1114/063528:ERROR:PlatformKeyboardEvent.cpp(117)] Not implemented reached in static PlatformEvent::Modifiers blink::PlatformKeyboardEvent::getCurrentModifierState()
[1:1:1114/063529:ERROR:PlatformKeyboardEvent.cpp(117)] Not implemented reached in static PlatformEvent::Modifiers blink::PlatformKeyboardEvent::getCurrentModifierState()
[2613:2613:1114/063608:ERROR:CONSOLE(2)] "Uncaught SecurityError: Failed to read the 'contentDocument' property from 'HTMLIFrameElement': Blocked a frame with origin "https://www.google.co.in" from accessing a frame with origin "chrome-search://most-visited".  The frame requesting access has a protocol of "https", the frame being accessed has a protocol of "chrome-search". Protocols must match.
", source: chrome-extension://laankejkbhbdhmipfmgcngdelahlfoji/core/vendor/jquery.min.js (2)
[1:1:1114/063621:ERROR:PlatformKeyboardEvent.cpp(117)] Not implemented reached in static PlatformEvent::Modifiers blink::PlatformKeyboardEvent::getCurrentModifierState()
[1:1:1114/063621:ERROR:PlatformKeyboardEvent.cpp(117)] Not implemented reached in static PlatformEvent::Modifiers blink::PlatformKeyboardEvent::getCurrentModifierState()
[1:1:1114/063623:ERROR:PlatformKeyboardEvent.cpp(117)] Not implemented reached in static PlatformEvent::Modifiers blink::PlatformKeyboardEvent::getCurrentModifierState()
[1:1:1114/063624:ERROR:PlatformKeyboardEvent.cpp(117)] Not implemented reached in static PlatformEvent::Modifiers blink::PlatformKeyboardEvent::getCurrentModifierState()
[1:1:1114/063626:ERROR:PlatformKeyboardEvent.cpp(117)] Not implemented reached in static PlatformEvent::Modifiers blink::PlatformKeyboardEvent::getCurrentModifierState()
[1:1:1114/063627:ERROR:PlatformKeyboardEvent.cpp(117)] Not implemented reached in static PlatformEvent::Modifiers blink::PlatformKeyboardEvent::getCurrentModifierState()
[1:1:1114/063627:ERROR:PlatformKeyboardEvent.cpp(117)] Not implemented reached in static PlatformEvent::Modifiers blink::PlatformKeyboardEvent::getCurrentModifierState()
[1:1:1114/063628:ERROR:PlatformKeyboardEvent.cpp(117)] Not implemented reached in static PlatformEvent::Modifiers blink::PlatformKeyboardEvent::getCurrentModifierState()
[1:1:1114/063629:ERROR:PlatformKeyboardEvent.cpp(117)] Not implemented reached in static PlatformEvent::Modifiers blink::PlatformKeyboardEvent::getCurrentModifierState()
[WARNING:flash/platform/pepper/pep_module.cpp(63)] SANDBOXED
[1:1:1114/063641:ERROR:PlatformKeyboardEvent.cpp(117)] Not implemented reached in static PlatformEvent::Modifiers blink::PlatformKeyboardEvent::getCurrentModifierState()
[1:1:1114/063641:ERROR:PlatformKeyboardEvent.cpp(117)] Not implemented reached in static PlatformEvent::Modifiers blink::PlatformKeyboardEvent::getCurrentModifierState()
[1:1:1114/063643:ERROR:PlatformKeyboardEvent.cpp(117)] Not implemented reached in static PlatformEvent::Modifiers blink::PlatformKeyboardEvent::getCurrentModifierState()
[1:1:1114/063644:ERROR:PlatformKeyboardEvent.cpp(117)] Not implemented reached in static PlatformEvent::Modifiers blink::PlatformKeyboardEvent::getCurrentModifierState()
[1:1:1114/063654:ERROR:PlatformKeyboardEvent.cpp(117)] Not implemented reached in static PlatformEvent::Modifiers blink::PlatformKeyboardEvent::getCurrentModifierState()
[1:1:1114/063654:ERROR:PlatformKeyboardEvent.cpp(117)] Not implemented reached in static PlatformEvent::Modifiers blink::PlatformKeyboardEvent::getCurrentModifierState()
[1:1:1114/063655:ERROR:PlatformKeyboardEvent.cpp(117)] Not implemented reached in static PlatformEvent::Modifiers blink::PlatformKeyboardEvent::getCurrentModifierState()
[1:1:1114/063655:ERROR:PlatformKeyboardEvent.cpp(117)] Not implemented reached in static PlatformEvent::Modifiers blink::PlatformKeyboardEvent::getCurrentModifierState()
[1:1:1114/063656:ERROR:PlatformKeyboardEvent.cpp(117)] Not implemented reached in static PlatformEvent::Modifiers blink::PlatformKeyboardEvent::getCurrentModifierState()
[2613:2613:1114/064144:ERROR:CONSOLE(1)] "Uncaught TypeError: Cannot read property 'mixin' of undefined", source: chrome-extension://laankejkbhbdhmipfmgcngdelahlfoji/core/CoreAPI.js (1)
[1:1:1114/064213:ERROR:PlatformKeyboardEvent.cpp(117)] Not implemented reached in static PlatformEvent::Modifiers blink::PlatformKeyboardEvent::getCurrentModifierState()
[1:1:1114/064218:ERROR:PlatformKeyboardEvent.cpp(117)] Not implemented reached in static PlatformEvent::Modifiers blink::PlatformKeyboardEvent::getCurrentModifierState()
[1:1:1114/064508:ERROR:PlatformKeyboardEvent.cpp(117)] Not implemented reached in static PlatformEvent::Modifiers blink::PlatformKeyboardEvent::getCurrentModifierState()
[2613:2658:1114/064554:ERROR:socket_stream.cc(210)] Closing stream with result -100
[1:1:1114/064606:ERROR:PlatformKeyboardEvent.cpp(117)] Not implemented reached in static PlatformEvent::Modifiers blink::PlatformKeyboardEvent::getCurrentModifierState()
[1:1:1114/064609:ERROR:PlatformKeyboardEvent.cpp(117)] Not implemented reached in static PlatformEvent::Modifiers blink::PlatformKeyboardEvent::getCurrentModifierState()
[1:1:1114/064609:ERROR:PlatformKeyboardEvent.cpp(117)] Not implemented reached in static PlatformEvent::Modifiers blink::PlatformKeyboardEvent::getCurrentModifierState()
[1:1:1114/064609:ERROR:PlatformKeyboardEvent.cpp(117)] Not implemented reached in static PlatformEvent::Modifiers blink::PlatformKeyboardEvent::getCurrentModifierState()
[1:1:1114/064611:ERROR:PlatformKeyboardEvent.cpp(117)] Not implemented reached in static PlatformEvent::Modifiers blink::PlatformKeyboardEvent::getCurrentModifierState()
[1:1:1114/064813:ERROR:PlatformKeyboardEvent.cpp(117)] Not implemented reached in static PlatformEvent::Modifiers blink::PlatformKeyboardEvent::getCurrentModifierState()
[1:1:1114/065043:ERROR:PlatformKeyboardEvent.cpp(117)] Not implemented reached in static PlatformEvent::Modifiers blink::PlatformKeyboardEvent::getCurrentModifierState()
[1:1:1114/065045:ERROR:PlatformKeyboardEvent.cpp(117)] Not implemented reached in static PlatformEvent::Modifiers blink::PlatformKeyboardEvent::getCurrentModifierState()
[1:1:1114/065046:ERROR:PlatformKeyboardEvent.cpp(117)] Not implemented reached in static PlatformEvent::Modifiers blink::PlatformKeyboardEvent::getCurrentModifierState()
[1:1:1114/065048:ERROR:PlatformKeyboardEvent.cpp(117)] Not implemented reached in static PlatformEvent::Modifiers blink::PlatformKeyboardEvent::getCurrentModifierState()
[1:1:1114/065048:ERROR:PlatformKeyboardEvent.cpp(117)] Not implemented reached in static PlatformEvent::Modifiers blink::PlatformKeyboardEvent::getCurrentModifierState()
[1:1:1114/065049:ERROR:PlatformKeyboardEvent.cpp(117)] Not implemented reached in static PlatformEvent::Modifiers blink::PlatformKeyboardEvent::getCurrentModifierState()
[1:1:1114/065311:ERROR:PlatformKeyboardEvent.cpp(117)] Not implemented reached in static PlatformEvent::Modifiers blink::PlatformKeyboardEvent::getCurrentModifierState()
[1:1:1114/065326:ERROR:PlatformKeyboardEvent.cpp(117)] Not implemented reached in static PlatformEvent::Modifiers blink::PlatformKeyboardEvent::getCurrentModifierState()
[1:1:1114/065326:ERROR:PlatformKeyboardEvent.cpp(117)] Not implemented reached in static PlatformEvent::Modifiers blink::PlatformKeyboardEvent::getCurrentModifierState()
[1:1:1114/065328:ERROR:PlatformKeyboardEvent.cpp(117)] Not implemented reached in static PlatformEvent::Modifiers blink::PlatformKeyboardEvent::getCurrentModifierState()
[1:1:1114/065331:ERROR:PlatformKeyboardEvent.cpp(117)] Not implemented reached in static PlatformEvent::Modifiers blink::PlatformKeyboardEvent::getCurrentModifierState()
[1:1:1114/065334:ERROR:PlatformKeyboardEvent.cpp(117)] Not implemented reached in static PlatformEvent::Modifiers blink::PlatformKeyboardEvent::getCurrentModifierState()
[1:1:1114/065345:ERROR:PlatformKeyboardEvent.cpp(117)] Not implemented reached in static PlatformEvent::Modifiers blink::PlatformKeyboardEvent::getCurrentModifierState()
[1:1:1114/065348:ERROR:PlatformKeyboardEvent.cpp(117)] Not implemented reached in static PlatformEvent::Modifiers blink::PlatformKeyboardEvent::getCurrentModifierState()
[1:1:1114/065348:ERROR:PlatformKeyboardEvent.cpp(117)] Not implemented reached in static PlatformEvent::Modifiers blink::PlatformKeyboardEvent::getCurrentModifierState()
[1:1:1114/065349:ERROR:PlatformKeyboardEvent.cpp(117)] Not implemented reached in static PlatformEvent::Modifiers blink::PlatformKeyboardEvent::getCurrentModifierState()
[1:1:1114/065352:ERROR:PlatformKeyboardEvent.cpp(117)] Not implemented reached in static PlatformEvent::Modifiers blink::PlatformKeyboardEvent::getCurrentModifierState()
[1:1:1114/065353:ERROR:PlatformKeyboardEvent.cpp(117)] Not implemented reached in static PlatformEvent::Modifiers blink::PlatformKeyboardEvent::getCurrentModifierState()
[1:1:1114/065354:ERROR:PlatformKeyboardEvent.cpp(117)] Not implemented reached in static PlatformEvent::Modifiers blink::PlatformKeyboardEvent::getCurrentModifierState()
[1:1:1114/065355:ERROR:PlatformKeyboardEvent.cpp(117)] Not implemented reached in static PlatformEvent::Modifiers blink::PlatformKeyboardEvent::getCurrentModifierState()
[1:1:1114/065356:ERROR:PlatformKeyboardEvent.cpp(117)] Not implemented reached in static PlatformEvent::Modifiers blink::PlatformKeyboardEvent::getCurrentModifierState()
[1:1:1114/065358:ERROR:PlatformKeyboardEvent.cpp(117)] Not implemented reached in static PlatformEvent::Modifiers blink::PlatformKeyboardEvent::getCurrentModifierState()
[1:1:1114/065359:ERROR:PlatformKeyboardEvent.cpp(117)] Not implemented reached in static PlatformEvent::Modifiers blink::PlatformKeyboardEvent::getCurrentModifierState()
[1:1:1114/065401:ERROR:PlatformKeyboardEvent.cpp(117)] Not implemented reached in static PlatformEvent::Modifiers blink::PlatformKeyboardEvent::getCurrentModifierState()
[1:1:1114/065402:ERROR:PlatformKeyboardEvent.cpp(117)] Not implemented reached in static PlatformEvent::Modifiers blink::PlatformKeyboardEvent::getCurrentModifierState()
[1:1:1114/065403:ERROR:PlatformKeyboardEvent.cpp(117)] Not implemented reached in static PlatformEvent::Modifiers blink::PlatformKeyboardEvent::getCurrentModifierState()
[1:1:1114/065403:ERROR:PlatformKeyboardEvent.cpp(117)] Not implemented reached in static PlatformEvent::Modifiers blink::PlatformKeyboardEvent::getCurrentModifierState()
[1:1:1114/065403:ERROR:PlatformKeyboardEvent.cpp(117)] Not implemented reached in static PlatformEvent::Modifiers blink::PlatformKeyboardEvent::getCurrentModifierState()
[1:1:1114/065410:ERROR:PlatformKeyboardEvent.cpp(117)] Not implemented reached in static PlatformEvent::Modifiers blink::PlatformKeyboardEvent::getCurrentModifierState()
[1:1:1114/065411:ERROR:PlatformKeyboardEvent.cpp(117)] Not implemented reached in static PlatformEvent::Modifiers blink::PlatformKeyboardEvent::getCurrentModifierState()
[1:1:1114/065412:ERROR:PlatformKeyboardEvent.cpp(117)] Not implemented reached in static PlatformEvent::Modifiers blink::PlatformKeyboardEvent::getCurrentModifierState()
[1:1:1114/065419:ERROR:PlatformKeyboardEvent.cpp(117)] Not implemented reached in static PlatformEvent::Modifiers blink::PlatformKeyboardEvent::getCurrentModifierState()
[1:1:1114/065419:ERROR:PlatformKeyboardEvent.cpp(117)] Not implemented reached in static PlatformEvent::Modifiers blink::PlatformKeyboardEvent::getCurrentModifierState()
[1:1:1114/065442:ERROR:PlatformKeyboardEvent.cpp(117)] Not implemented reached in static PlatformEvent::Modifiers blink::PlatformKeyboardEvent::getCurrentModifierState()
[1:1:1114/065605:ERROR:PlatformKeyboardEvent.cpp(117)] Not implemented reached in static PlatformEvent::Modifiers blink::PlatformKeyboardEvent::getCurrentModifierState()
[1:1:1114/065606:ERROR:PlatformKeyboardEvent.cpp(117)] Not implemented reached in static PlatformEvent::Modifiers blink::PlatformKeyboardEvent::getCurrentModifierState()
[1:1:1114/065607:ERROR:PlatformKeyboardEvent.cpp(117)] Not implemented reached in static PlatformEvent::Modifiers blink::PlatformKeyboardEvent::getCurrentModifierState()
[1:1:1114/065607:ERROR:PlatformKeyboardEvent.cpp(117)] Not implemented reached in static PlatformEvent::Modifiers blink::PlatformKeyboardEvent::getCurrentModifierState()
[1:1:1114/065608:ERROR:PlatformKeyboardEvent.cpp(117)] Not implemented reached in static PlatformEvent::Modifiers blink::PlatformKeyboardEvent::getCurrentModifierState()
[1:1:1114/065610:ERROR:PlatformKeyboardEvent.cpp(117)] Not implemented reached in static PlatformEvent::Modifiers blink::PlatformKeyboardEvent::getCurrentModifierState()
[1:1:1114/065610:ERROR:PlatformKeyboardEvent.cpp(117)] Not implemented reached in static PlatformEvent::Modifiers blink::PlatformKeyboardEvent::getCurrentModifierState()
[1:1:1114/065611:ERROR:PlatformKeyboardEvent.cpp(117)] Not implemented reached in static PlatformEvent::Modifiers blink::PlatformKeyboardEvent::getCurrentModifierState()
[1:1:1114/065611:ERROR:PlatformKeyboardEvent.cpp(117)] Not implemented reached in static PlatformEvent::Modifiers blink::PlatformKeyboardEvent::getCurrentModifierState()
[1:1:1114/065619:ERROR:PlatformKeyboardEvent.cpp(117)] Not implemented reached in static PlatformEvent::Modifiers blink::PlatformKeyboardEvent::getCurrentModifierState()
[1:1:1114/065619:ERROR:PlatformKeyboardEvent.cpp(117)] Not implemented reached in static PlatformEvent::Modifiers blink::PlatformKeyboardEvent::getCurrentModifierState()
[1:1:1114/065619:ERROR:PlatformKeyboardEvent.cpp(117)] Not implemented reached in static PlatformEvent::Modifiers blink::PlatformKeyboardEvent::getCurrentModifierState()
[1:1:1114/065619:ERROR:PlatformKeyboardEvent.cpp(117)] Not implemented reached in static PlatformEvent::Modifiers blink::PlatformKeyboardEvent::getCurrentModifierState()
[1:1:1114/065620:ERROR:PlatformKeyboardEvent.cpp(117)] Not implemented reached in static PlatformEvent::Modifiers blink::PlatformKeyboardEvent::getCurrentModifierState()
[1:1:1114/065621:ERROR:PlatformKeyboardEvent.cpp(117)] Not implemented reached in static PlatformEvent::Modifiers blink::PlatformKeyboardEvent::getCurrentModifierState()
[1:1:1114/065624:ERROR:PlatformKeyboardEvent.cpp(117)] Not implemented reached in static PlatformEvent::Modifiers blink::PlatformKeyboardEvent::getCurrentModifierState()
[1:1:1114/065625:ERROR:PlatformKeyboardEvent.cpp(117)] Not implemented reached in static PlatformEvent::Modifiers blink::PlatformKeyboardEvent::getCurrentModifierState()
[1:1:1114/065629:ERROR:PlatformKeyboardEvent.cpp(117)] Not implemented reached in static PlatformEvent::Modifiers blink::PlatformKeyboardEvent::getCurrentModifierState()
[1:1:1114/065630:ERROR:PlatformKeyboardEvent.cpp(117)] Not implemented reached in static PlatformEvent::Modifiers blink::PlatformKeyboardEvent::getCurrentModifierState()
[1:1:1114/065641:ERROR:PlatformKeyboardEvent.cpp(117)] Not implemented reached in static PlatformEvent::Modifiers blink::PlatformKeyboardEvent::getCurrentModifierState()
[1:1:1114/065719:ERROR:PlatformKeyboardEvent.cpp(117)] Not implemented reached in static PlatformEvent::Modifiers blink::PlatformKeyboardEvent::getCurrentModifierState()
[1:1:1114/065719:ERROR:PlatformKeyboardEvent.cpp(117)] Not implemented reached in static PlatformEvent::Modifiers blink::PlatformKeyboardEvent::getCurrentModifierState()
[1:1:1114/065743:ERROR:PlatformKeyboardEvent.cpp(117)] Not implemented reached in static PlatformEvent::Modifiers blink::PlatformKeyboardEvent::getCurrentModifierState()
[1:1:1114/065744:ERROR:PlatformKeyboardEvent.cpp(117)] Not implemented reached in static PlatformEvent::Modifiers blink::PlatformKeyboardEvent::getCurrentModifierState()
[1:1:1114/065744:ERROR:PlatformKeyboardEvent.cpp(117)] Not implemented reached in static PlatformEvent::Modifiers blink::PlatformKeyboardEvent::getCurrentModifierState()
[1:1:1114/065745:ERROR:PlatformKeyboardEvent.cpp(117)] Not implemented reached in static PlatformEvent::Modifiers blink::PlatformKeyboardEvent::getCurrentModifierState()
[1:1:1114/065746:ERROR:PlatformKeyboardEvent.cpp(117)] Not implemented reached in static PlatformEvent::Modifiers blink::PlatformKeyboardEvent::getCurrentModifierState()
[1:1:1114/065746:ERROR:PlatformKeyboardEvent.cpp(117)] Not implemented reached in static PlatformEvent::Modifiers blink::PlatformKeyboardEvent::getCurrentModifierState()
[1:1:1114/065926:ERROR:PlatformKeyboardEvent.cpp(117)] Not implemented reached in static PlatformEvent::Modifiers blink::PlatformKeyboardEvent::getCurrentModifierState()
[1:1:1114/065926:ERROR:PlatformKeyboardEvent.cpp(117)] Not implemented reached in static PlatformEvent::Modifiers blink::PlatformKeyboardEvent::getCurrentModifierState()
[1:1:1114/065926:ERROR:PlatformKeyboardEvent.cpp(117)] Not implemented reached in static PlatformEvent::Modifiers blink::PlatformKeyboardEvent::getCurrentModifierState()
[1:1:1114/065927:ERROR:PlatformKeyboardEvent.cpp(117)] Not implemented reached in static PlatformEvent::Modifiers blink::PlatformKeyboardEvent::getCurrentModifierState()
[1:1:1114/065927:ERROR:PlatformKeyboardEvent.cpp(117)] Not implemented reached in static PlatformEvent::Modifiers blink::PlatformKeyboardEvent::getCurrentModifierState()
[1:1:1114/065928:ERROR:PlatformKeyboardEvent.cpp(117)] Not implemented reached in static PlatformEvent::Modifiers blink::PlatformKeyboardEvent::getCurrentModifierState()
[1:1:1114/065930:ERROR:PlatformKeyboardEvent.cpp(117)] Not implemented reached in static PlatformEvent::Modifiers blink::PlatformKeyboardEvent::getCurrentModifierState()
[1:1:1114/065932:ERROR:PlatformKeyboardEvent.cpp(117)] Not implemented reached in static PlatformEvent::Modifiers blink::PlatformKeyboardEvent::getCurrentModifierState()
[1:1:1114/065932:ERROR:PlatformKeyboardEvent.cpp(117)] Not implemented reached in static PlatformEvent::Modifiers blink::PlatformKeyboardEvent::getCurrentModifierState()
[1:1:1114/065933:ERROR:PlatformKeyboardEvent.cpp(117)] Not implemented reached in static PlatformEvent::Modifiers blink::PlatformKeyboardEvent::getCurrentModifierState()
[1:1:1114/065934:ERROR:PlatformKeyboardEvent.cpp(117)] Not implemented reached in static PlatformEvent::Modifiers blink::PlatformKeyboardEvent::getCurrentModifierState()
[1:1:1114/065934:ERROR:PlatformKeyboardEvent.cpp(117)] Not implemented reached in static PlatformEvent::Modifiers blink::PlatformKeyboardEvent::getCurrentModifierState()
[1:1:1114/065935:ERROR:PlatformKeyboardEvent.cpp(117)] Not implemented reached in static PlatformEvent::Modifiers blink::PlatformKeyboardEvent::getCurrentModifierState()
[2613:2658:1114/070054:ERROR:socket_stream.cc(210)] Closing stream with result -100
[1:1:1114/070302:ERROR:PlatformKeyboardEvent.cpp(117)] Not implemented reached in static PlatformEvent::Modifiers blink::PlatformKeyboardEvent::getCurrentModifierState()
[1:1:1114/070304:ERROR:PlatformKeyboardEvent.cpp(117)] Not implemented reached in static PlatformEvent::Modifiers blink::PlatformKeyboardEvent::getCurrentModifierState()
[1:1:1114/070304:ERROR:PlatformKeyboardEvent.cpp(117)] Not implemented reached in static PlatformEvent::Modifiers blink::PlatformKeyboardEvent::getCurrentModifierState()
[1:1:1114/070305:ERROR:PlatformKeyboardEvent.cpp(117)] Not implemented reached in static PlatformEvent::Modifiers blink::PlatformKeyboardEvent::getCurrentModifierState()
[1:1:1114/070306:ERROR:PlatformKeyboardEvent.cpp(117)] Not implemented reached in static PlatformEvent::Modifiers blink::PlatformKeyboardEvent::getCurrentModifierState()
[1:1:1114/070416:ERROR:PlatformKeyboardEvent.cpp(117)] Not implemented reached in static PlatformEvent::Modifiers blink::PlatformKeyboardEvent::getCurrentModifierState()
[1:1:1114/070417:ERROR:PlatformKeyboardEvent.cpp(117)] Not implemented reached in static PlatformEvent::Modifiers blink::PlatformKeyboardEvent::getCurrentModifierState()
[1:1:1114/070428:ERROR:PlatformKeyboardEvent.cpp(117)] Not implemented reached in static PlatformEvent::Modifiers blink::PlatformKeyboardEvent::getCurrentModifierState()
[1:1:1114/070433:ERROR:PlatformKeyboardEvent.cpp(117)] Not implemented reached in static PlatformEvent::Modifiers blink::PlatformKeyboardEvent::getCurrentModifierState()
[1:1:1114/070435:ERROR:PlatformKeyboardEvent.cpp(117)] Not implemented reached in static PlatformEvent::Modifiers blink::PlatformKeyboardEvent::getCurrentModifierState()
[1:1:1114/070435:ERROR:PlatformKeyboardEvent.cpp(117)] Not implemented reached in static PlatformEvent::Modifiers blink::PlatformKeyboardEvent::getCurrentModifierState()
[1:1:1114/070651:ERROR:PlatformKeyboardEvent.cpp(117)] Not implemented reached in static PlatformEvent::Modifiers blink::PlatformKeyboardEvent::getCurrentModifierState()
[1:1:1114/070750:ERROR:PlatformKeyboardEvent.cpp(117)] Not implemented reached in static PlatformEvent::Modifiers blink::PlatformKeyboardEvent::getCurrentModifierState()
[2613:2613:1114/070816:ERROR:CONSOLE(2)] "Uncaught SecurityError: Failed to read the 'contentDocument' property from 'HTMLIFrameElement': Blocked a frame with origin "https://www.google.co.in" from accessing a frame with origin "chrome-search://most-visited".  The frame requesting access has a protocol of "https", the frame being accessed has a protocol of "chrome-search". Protocols must match.
", source: chrome-extension://laankejkbhbdhmipfmgcngdelahlfoji/core/vendor/jquery.min.js (2)
[1:1:1114/071009:ERROR:PlatformKeyboardEvent.cpp(117)] Not implemented reached in static PlatformEvent::Modifiers blink::PlatformKeyboardEvent::getCurrentModifierState()
[1:1:1114/071207:ERROR:PlatformKeyboardEvent.cpp(117)] Not implemented reached in static PlatformEvent::Modifiers blink::PlatformKeyboardEvent::getCurrentModifierState()
[1:1:1114/071208:ERROR:PlatformKeyboardEvent.cpp(117)] Not implemented reached in static PlatformEvent::Modifiers blink::PlatformKeyboardEvent::getCurrentModifierState()
[1:1:1114/071209:ERROR:PlatformKeyboardEvent.cpp(117)] Not implemented reached in static PlatformEvent::Modifiers blink::PlatformKeyboardEvent::getCurrentModifierState()
[1:1:1114/071209:ERROR:PlatformKeyboardEvent.cpp(117)] Not implemented reached in static PlatformEvent::Modifiers blink::PlatformKeyboardEvent::getCurrentModifierState()
[1:1:1114/071210:ERROR:PlatformKeyboardEvent.cpp(117)] Not implemented reached in static PlatformEvent::Modifiers blink::PlatformKeyboardEvent::getCurrentModifierState()
[1:1:1114/071210:ERROR:PlatformKeyboardEvent.cpp(117)] Not implemented reached in static PlatformEvent::Modifiers blink::PlatformKeyboardEvent::getCurrentModifierState()
[1:1:1114/071210:ERROR:PlatformKeyboardEvent.cpp(117)] Not implemented reached in static PlatformEvent::Modifiers blink::PlatformKeyboardEvent::getCurrentModifierState()
[1:1:1114/071212:ERROR:PlatformKeyboardEvent.cpp(117)] Not implemented reached in static PlatformEvent::Modifiers blink::PlatformKeyboardEvent::getCurrentModifierState()
[1:1:1114/071213:ERROR:PlatformKeyboardEvent.cpp(117)] Not implemented reached in static PlatformEvent::Modifiers blink::PlatformKeyboardEvent::getCurrentModifierState()
[1:1:1114/071216:ERROR:PlatformKeyboardEvent.cpp(117)] Not implemented reached in static PlatformEvent::Modifiers blink::PlatformKeyboardEvent::getCurrentModifierState()
[1:1:1114/071241:ERROR:PlatformKeyboardEvent.cpp(117)] Not implemented reached in static PlatformEvent::Modifiers blink::PlatformKeyboardEvent::getCurrentModifierState()
[1:1:1114/071257:ERROR:PlatformKeyboardEvent.cpp(117)] Not implemented reached in static PlatformEvent::Modifiers blink::PlatformKeyboardEvent::getCurrentModifierState()
[1:1:1114/071258:ERROR:PlatformKeyboardEvent.cpp(117)] Not implemented reached in static PlatformEvent::Modifiers blink::PlatformKeyboardEvent::getCurrentModifierState()
[1:1:1114/071258:ERROR:PlatformKeyboardEvent.cpp(117)] Not implemented reached in static PlatformEvent::Modifiers blink::PlatformKeyboardEvent::getCurrentModifierState()
[1:1:1114/071258:ERROR:PlatformKeyboardEvent.cpp(117)] Not implemented reached in static PlatformEvent::Modifiers blink::PlatformKeyboardEvent::getCurrentModifierState()
[1:1:1114/071258:ERROR:PlatformKeyboardEvent.cpp(117)] Not implemented reached in static PlatformEvent::Modifiers blink::PlatformKeyboardEvent::getCurrentModifierState()
[1:1:1114/071258:ERROR:PlatformKeyboardEvent.cpp(117)] Not implemented reached in static PlatformEvent::Modifiers blink::PlatformKeyboardEvent::getCurrentModifierState()
[1:1:1114/071300:ERROR:PlatformKeyboardEvent.cpp(117)] Not implemented reached in static PlatformEvent::Modifiers blink::PlatformKeyboardEvent::getCurrentModifierState()
[1:1:1114/071300:ERROR:PlatformKeyboardEvent.cpp(117)] Not implemented reached in static PlatformEvent::Modifiers blink::PlatformKeyboardEvent::getCurrentModifierState()
[1:1:1114/071413:ERROR:PlatformKeyboardEvent.cpp(117)] Not implemented reached in static PlatformEvent::Modifiers blink::PlatformKeyboardEvent::getCurrentModifierState()
[1:1:1114/071521:ERROR:PlatformKeyboardEvent.cpp(117)] Not implemented reached in static PlatformEvent::Modifiers blink::PlatformKeyboardEvent::getCurrentModifierState()
[2613:2658:1114/071554:ERROR:socket_stream.cc(210)] Closing stream with result -100
[1:1:1114/071655:ERROR:PlatformKeyboardEvent.cpp(117)] Not implemented reached in static PlatformEvent::Modifiers blink::PlatformKeyboardEvent::getCurrentModifierState()
[1:1:1114/071655:ERROR:PlatformKeyboardEvent.cpp(117)] Not implemented reached in static PlatformEvent::Modifiers blink::PlatformKeyboardEvent::getCurrentModifierState()
[1:1:1114/071656:ERROR:PlatformKeyboardEvent.cpp(117)] Not implemented reached in static PlatformEvent::Modifiers blink::PlatformKeyboardEvent::getCurrentModifierState()
[1:1:1114/071656:ERROR:PlatformKeyboardEvent.cpp(117)] Not implemented reached in static PlatformEvent::Modifiers blink::PlatformKeyboardEvent::getCurrentModifierState()
[1:1:1114/071657:ERROR:PlatformKeyboardEvent.cpp(117)] Not implemented reached in static PlatformEvent::Modifiers blink::PlatformKeyboardEvent::getCurrentModifierState()
[1:1:1114/071657:ERROR:PlatformKeyboardEvent.cpp(117)] Not implemented reached in static PlatformEvent::Modifiers blink::PlatformKeyboardEvent::getCurrentModifierState()
[1:1:1114/071657:ERROR:PlatformKeyboardEvent.cpp(117)] Not implemented reached in static PlatformEvent::Modifiers blink::PlatformKeyboardEvent::getCurrentModifierState()
[1:1:1114/071658:ERROR:PlatformKeyboardEvent.cpp(117)] Not implemented reached in static PlatformEvent::Modifiers blink::PlatformKeyboardEvent::getCurrentModifierState()
[1:1:1114/071659:ERROR:PlatformKeyboardEvent.cpp(117)] Not implemented reached in static PlatformEvent::Modifiers blink::PlatformKeyboardEvent::getCurrentModifierState()
[1:1:1114/071659:ERROR:PlatformKeyboardEvent.cpp(117)] Not implemented reached in static PlatformEvent::Modifiers blink::PlatformKeyboardEvent::getCurrentModifierState()
[1:1:1114/071713:ERROR:PlatformKeyboardEvent.cpp(117)] Not implemented reached in static PlatformEvent::Modifiers blink::PlatformKeyboardEvent::getCurrentModifierState()
[1:1:1114/071714:ERROR:PlatformKeyboardEvent.cpp(117)] Not implemented reached in static PlatformEvent::Modifiers blink::PlatformKeyboardEvent::getCurrentModifierState()
[1:1:1114/071811:ERROR:PlatformKeyboardEvent.cpp(117)] Not implemented reached in static PlatformEvent::Modifiers blink::PlatformKeyboardEvent::getCurrentModifierState()
[1:1:1114/071906:ERROR:PlatformKeyboardEvent.cpp(117)] Not implemented reached in static PlatformEvent::Modifiers blink::PlatformKeyboardEvent::getCurrentModifierState()
[1:1:1114/071922:ERROR:PlatformKeyboardEvent.cpp(117)] Not implemented reached in static PlatformEvent::Modifiers blink::PlatformKeyboardEvent::getCurrentModifierState()
[1:1:1114/071922:ERROR:PlatformKeyboardEvent.cpp(117)] Not implemented reached in static PlatformEvent::Modifiers blink::PlatformKeyboardEvent::getCurrentModifierState()
[1:1:1114/071922:ERROR:PlatformKeyboardEvent.cpp(117)] Not implemented reached in static PlatformEvent::Modifiers blink::PlatformKeyboardEvent::getCurrentModifierState()
[1:1:1114/071922:ERROR:PlatformKeyboardEvent.cpp(117)] Not implemented reached in static PlatformEvent::Modifiers blink::PlatformKeyboardEvent::getCurrentModifierState()
[1:1:1114/071923:ERROR:PlatformKeyboardEvent.cpp(117)] Not implemented reached in static PlatformEvent::Modifiers blink::PlatformKeyboardEvent::getCurrentModifierState()
Vector smash protection is enabled.
[1:1:1114/071926:ERROR:PlatformKeyboardEvent.cpp(117)] Not implemented reached in static PlatformEvent::Modifiers blink::PlatformKeyboardEvent::getCurrentModifierState()
[1:1:1114/071927:ERROR:PlatformKeyboardEvent.cpp(117)] Not implemented reached in static PlatformEvent::Modifiers blink::PlatformKeyboardEvent::getCurrentModifierState()
[1:1:1114/071932:ERROR:PlatformKeyboardEvent.cpp(117)] Not implemented reached in static PlatformEvent::Modifiers blink::PlatformKeyboardEvent::getCurrentModifierState()
[1:1:1114/071933:ERROR:PlatformKeyboardEvent.cpp(117)] Not implemented reached in static PlatformEvent::Modifiers blink::PlatformKeyboardEvent::getCurrentModifierState()
[1:1:1114/071933:ERROR:PlatformKeyboardEvent.cpp(117)] Not implemented reached in static PlatformEvent::Modifiers blink::PlatformKeyboardEvent::getCurrentModifierState()
[1:1:1114/071950:ERROR:PlatformKeyboardEvent.cpp(117)] Not implemented reached in static PlatformEvent::Modifiers blink::PlatformKeyboardEvent::getCurrentModifierState()
[1:1:1114/071951:ERROR:PlatformKeyboardEvent.cpp(117)] Not implemented reached in static PlatformEvent::Modifiers blink::PlatformKeyboardEvent::getCurrentModifierState()
[1:1:1114/071951:ERROR:PlatformKeyboardEvent.cpp(117)] Not implemented reached in static PlatformEvent::Modifiers blink::PlatformKeyboardEvent::getCurrentModifierState()
[1:1:1114/071952:ERROR:PlatformKeyboardEvent.cpp(117)] Not implemented reached in static PlatformEvent::Modifiers blink::PlatformKeyboardEvent::getCurrentModifierState()
[1:1:1114/071953:ERROR:PlatformKeyboardEvent.cpp(117)] Not implemented reached in static PlatformEvent::Modifiers blink::PlatformKeyboardEvent::getCurrentModifierState()
[1:1:1114/072005:ERROR:PlatformKeyboardEvent.cpp(117)] Not implemented reached in static PlatformEvent::Modifiers blink::PlatformKeyboardEvent::getCurrentModifierState()
[1:1:1114/072015:ERROR:PlatformKeyboardEvent.cpp(117)] Not implemented reached in static PlatformEvent::Modifiers blink::PlatformKeyboardEvent::getCurrentModifierState()
[1:1:1114/072020:ERROR:PlatformKeyboardEvent.cpp(117)] Not implemented reached in static PlatformEvent::Modifiers blink::PlatformKeyboardEvent::getCurrentModifierState()
[1:1:1114/072020:ERROR:PlatformKeyboardEvent.cpp(117)] Not implemented reached in static PlatformEvent::Modifiers blink::PlatformKeyboardEvent::getCurrentModifierState()
[1:1:1114/072021:ERROR:PlatformKeyboardEvent.cpp(117)] Not implemented reached in static PlatformEvent::Modifiers blink::PlatformKeyboardEvent::getCurrentModifierState()
[1:1:1114/072027:ERROR:PlatformKeyboardEvent.cpp(117)] Not implemented reached in static PlatformEvent::Modifiers blink::PlatformKeyboardEvent::getCurrentModifierState()
[1:1:1114/072028:ERROR:PlatformKeyboardEvent.cpp(117)] Not implemented reached in static PlatformEvent::Modifiers blink::PlatformKeyboardEvent::getCurrentModifierState()
[1:1:1114/072125:ERROR:PlatformKeyboardEvent.cpp(117)] Not implemented reached in static PlatformEvent::Modifiers blink::PlatformKeyboardEvent::getCurrentModifierState()
[1:1:1114/072126:ERROR:PlatformKeyboardEvent.cpp(117)] Not implemented reached in static PlatformEvent::Modifiers blink::PlatformKeyboardEvent::getCurrentModifierState()
[1:1:1114/072127:ERROR:PlatformKeyboardEvent.cpp(117)] Not implemented reached in static PlatformEvent::Modifiers blink::PlatformKeyboardEvent::getCurrentModifierState()
[1:1:1114/072138:ERROR:PlatformKeyboardEvent.cpp(117)] Not implemented reached in static PlatformEvent::Modifiers blink::PlatformKeyboardEvent::getCurrentModifierState()
[1:1:1114/072141:ERROR:PlatformKeyboardEvent.cpp(117)] Not implemented reached in static PlatformEvent::Modifiers blink::PlatformKeyboardEvent::getCurrentModifierState()
[1:1:1114/072143:ERROR:PlatformKeyboardEvent.cpp(117)] Not implemented reached in static PlatformEvent::Modifiers blink::PlatformKeyboardEvent::getCurrentModifierState()
[1:1:1114/072144:ERROR:PlatformKeyboardEvent.cpp(117)] Not implemented reached in static PlatformEvent::Modifiers blink::PlatformKeyboardEvent::getCurrentModifierState()
[1:1:1114/072144:ERROR:PlatformKeyboardEvent.cpp(117)] Not implemented reached in static PlatformEvent::Modifiers blink::PlatformKeyboardEvent::getCurrentModifierState()
[1:1:1114/072152:ERROR:PlatformKeyboardEvent.cpp(117)] Not implemented reached in static PlatformEvent::Modifiers blink::PlatformKeyboardEvent::getCurrentModifierState()
[1:1:1114/072153:ERROR:PlatformKeyboardEvent.cpp(117)] Not implemented reached in static PlatformEvent::Modifiers blink::PlatformKeyboardEvent::getCurrentModifierState()
[1:1:1114/072218:ERROR:PlatformKeyboardEvent.cpp(117)] Not implemented reached in static PlatformEvent::Modifiers blink::PlatformKeyboardEvent::getCurrentModifierState()
[1:1:1114/072218:ERROR:PlatformKeyboardEvent.cpp(117)] Not implemented reached in static PlatformEvent::Modifiers blink::PlatformKeyboardEvent::getCurrentModifierState()
[1:1:1114/072219:ERROR:PlatformKeyboardEvent.cpp(117)] Not implemented reached in static PlatformEvent::Modifiers blink::PlatformKeyboardEvent::getCurrentModifierState()
[1:1:1114/072221:ERROR:PlatformKeyboardEvent.cpp(117)] Not implemented reached in static PlatformEvent::Modifiers blink::PlatformKeyboardEvent::getCurrentModifierState()
[1:1:1114/072255:ERROR:PlatformKeyboardEvent.cpp(117)] Not implemented reached in static PlatformEvent::Modifiers blink::PlatformKeyboardEvent::getCurrentModifierState()
[1:1:1114/072314:ERROR:PlatformKeyboardEvent.cpp(117)] Not implemented reached in static PlatformEvent::Modifiers blink::PlatformKeyboardEvent::getCurrentModifierState()
[1:1:1114/072315:ERROR:PlatformKeyboardEvent.cpp(117)] Not implemented reached in static PlatformEvent::Modifiers blink::PlatformKeyboardEvent::getCurrentModifierState()
[1:1:1114/072316:ERROR:PlatformKeyboardEvent.cpp(117)] Not implemented reached in static PlatformEvent::Modifiers blink::PlatformKeyboardEvent::getCurrentModifierState()
[1:1:1114/072317:ERROR:PlatformKeyboardEvent.cpp(117)] Not implemented reached in static PlatformEvent::Modifiers blink::PlatformKeyboardEvent::getCurrentModifierState()
[1:1:1114/072330:ERROR:PlatformKeyboardEvent.cpp(117)] Not implemented reached in static PlatformEvent::Modifiers blink::PlatformKeyboardEvent::getCurrentModifierState()
[1:1:1114/072342:ERROR:PlatformKeyboardEvent.cpp(117)] Not implemented reached in static PlatformEvent::Modifiers blink::PlatformKeyboardEvent::getCurrentModifierState()
[1:1:1114/072706:ERROR:PlatformKeyboardEvent.cpp(117)] Not implemented reached in static PlatformEvent::Modifiers blink::PlatformKeyboardEvent::getCurrentModifierState()
[1:1:1114/072709:ERROR:PlatformKeyboardEvent.cpp(117)] Not implemented reached in static PlatformEvent::Modifiers blink::PlatformKeyboardEvent::getCurrentModifierState()
[1:1:1114/072709:ERROR:PlatformKeyboardEvent.cpp(117)] Not implemented reached in static PlatformEvent::Modifiers blink::PlatformKeyboardEvent::getCurrentModifierState()
[1:1:1114/072710:ERROR:PlatformKeyboardEvent.cpp(117)] Not implemented reached in static PlatformEvent::Modifiers blink::PlatformKeyboardEvent::getCurrentModifierState()
[1:1:1114/072714:ERROR:PlatformKeyboardEvent.cpp(117)] Not implemented reached in static PlatformEvent::Modifiers blink::PlatformKeyboardEvent::getCurrentModifierState()
[1:1:1114/072714:ERROR:PlatformKeyboardEvent.cpp(117)] Not implemented reached in static PlatformEvent::Modifiers blink::PlatformKeyboardEvent::getCurrentModifierState()
[1:1:1114/072715:ERROR:PlatformKeyboardEvent.cpp(117)] Not implemented reached in static PlatformEvent::Modifiers blink::PlatformKeyboardEvent::getCurrentModifierState()
[1:1:1114/072725:ERROR:PlatformKeyboardEvent.cpp(117)] Not implemented reached in static PlatformEvent::Modifiers blink::PlatformKeyboardEvent::getCurrentModifierState()
[1:1:1114/072726:ERROR:PlatformKeyboardEvent.cpp(117)] Not implemented reached in static PlatformEvent::Modifiers blink::PlatformKeyboardEvent::getCurrentModifierState()
[1:1:1114/072808:ERROR:PlatformKeyboardEvent.cpp(117)] Not implemented reached in static PlatformEvent::Modifiers blink::PlatformKeyboardEvent::getCurrentModifierState()
[1:1:1114/072809:ERROR:PlatformKeyboardEvent.cpp(117)] Not implemented reached in static PlatformEvent::Modifiers blink::PlatformKeyboardEvent::getCurrentModifierState()
[1:1:1114/072810:ERROR:PlatformKeyboardEvent.cpp(117)] Not implemented reached in static PlatformEvent::Modifiers blink::PlatformKeyboardEvent::getCurrentModifierState()
[1:1:1114/072812:ERROR:PlatformKeyboardEvent.cpp(117)] Not implemented reached in static PlatformEvent::Modifiers blink::PlatformKeyboardEvent::getCurrentModifierState()
[1:1:1114/072835:ERROR:PlatformKeyboardEvent.cpp(117)] Not implemented reached in static PlatformEvent::Modifiers blink::PlatformKeyboardEvent::getCurrentModifierState()
[1:1:1114/072837:ERROR:PlatformKeyboardEvent.cpp(117)] Not implemented reached in static PlatformEvent::Modifiers blink::PlatformKeyboardEvent::getCurrentModifierState()
[1:1:1114/072837:ERROR:PlatformKeyboardEvent.cpp(117)] Not implemented reached in static PlatformEvent::Modifiers blink::PlatformKeyboardEvent::getCurrentModifierState()
[1:1:1114/072838:ERROR:PlatformKeyboardEvent.cpp(117)] Not implemented reached in static PlatformEvent::Modifiers blink::PlatformKeyboardEvent::getCurrentModifierState()
[1:1:1114/072838:ERROR:PlatformKeyboardEvent.cpp(117)] Not implemented reached in static PlatformEvent::Modifiers blink::PlatformKeyboardEvent::getCurrentModifierState()
[1:1:1114/072851:ERROR:PlatformKeyboardEvent.cpp(117)] Not implemented reached in static PlatformEvent::Modifiers blink::PlatformKeyboardEvent::getCurrentModifierState()
[1:1:1114/072855:ERROR:PlatformKeyboardEvent.cpp(117)] Not implemented reached in static PlatformEvent::Modifiers blink::PlatformKeyboardEvent::getCurrentModifierState()
[1:1:1114/072856:ERROR:PlatformKeyboardEvent.cpp(117)] Not implemented reached in static PlatformEvent::Modifiers blink::PlatformKeyboardEvent::getCurrentModifierState()
[2613:2658:1114/073054:ERROR:socket_stream.cc(210)] Closing stream with result -100
[1:1:1114/073117:ERROR:PlatformKeyboardEvent.cpp(117)] Not implemented reached in static PlatformEvent::Modifiers blink::PlatformKeyboardEvent::getCurrentModifierState()
[1:1:1114/073215:ERROR:PlatformKeyboardEvent.cpp(117)] Not implemented reached in static PlatformEvent::Modifiers blink::PlatformKeyboardEvent::getCurrentModifierState()
[1:1:1114/073230:ERROR:PlatformKeyboardEvent.cpp(117)] Not implemented reached in static PlatformEvent::Modifiers blink::PlatformKeyboardEvent::getCurrentModifierState()
[1:1:1114/073231:ERROR:PlatformKeyboardEvent.cpp(117)] Not implemented reached in static PlatformEvent::Modifiers blink::PlatformKeyboardEvent::getCurrentModifierState()
[1:1:1114/073231:ERROR:PlatformKeyboardEvent.cpp(117)] Not implemented reached in static PlatformEvent::Modifiers blink::PlatformKeyboardEvent::getCurrentModifierState()
[1:1:1114/073232:ERROR:PlatformKeyboardEvent.cpp(117)] Not implemented reached in static PlatformEvent::Modifiers blink::PlatformKeyboardEvent::getCurrentModifierState()
[1:1:1114/073239:ERROR:PlatformKeyboardEvent.cpp(117)] Not implemented reached in static PlatformEvent::Modifiers blink::PlatformKeyboardEvent::getCurrentModifierState()
[1:1:1114/073241:ERROR:PlatformKeyboardEvent.cpp(117)] Not implemented reached in static PlatformEvent::Modifiers blink::PlatformKeyboardEvent::getCurrentModifierState()
[1:1:1114/073244:ERROR:PlatformKeyboardEvent.cpp(117)] Not implemented reached in static PlatformEvent::Modifiers blink::PlatformKeyboardEvent::getCurrentModifierState()
[1:1:1114/073244:ERROR:PlatformKeyboardEvent.cpp(117)] Not implemented reached in static PlatformEvent::Modifiers blink::PlatformKeyboardEvent::getCurrentModifierState()
[1:1:1114/073252:ERROR:PlatformKeyboardEvent.cpp(117)] Not implemented reached in static PlatformEvent::Modifiers blink::PlatformKeyboardEvent::getCurrentModifierState()
[1:1:1114/073257:ERROR:PlatformKeyboardEvent.cpp(117)] Not implemented reached in static PlatformEvent::Modifiers blink::PlatformKeyboardEvent::getCurrentModifierState()
[1:1:1114/073258:ERROR:PlatformKeyboardEvent.cpp(117)] Not implemented reached in static PlatformEvent::Modifiers blink::PlatformKeyboardEvent::getCurrentModifierState()
[1:1:1114/073258:ERROR:PlatformKeyboardEvent.cpp(117)] Not implemented reached in static PlatformEvent::Modifiers blink::PlatformKeyboardEvent::getCurrentModifierState()
[1:1:1114/073259:ERROR:PlatformKeyboardEvent.cpp(117)] Not implemented reached in static PlatformEvent::Modifiers blink::PlatformKeyboardEvent::getCurrentModifierState()
[1:1:1114/073320:ERROR:PlatformKeyboardEvent.cpp(117)] Not implemented reached in static PlatformEvent::Modifiers blink::PlatformKeyboardEvent::getCurrentModifierState()
[1:1:1114/073321:ERROR:PlatformKeyboardEvent.cpp(117)] Not implemented reached in static PlatformEvent::Modifiers blink::PlatformKeyboardEvent::getCurrentModifierState()
[2613:2613:1114/073405:ERROR:CONSOLE(2)] "Uncaught SecurityError: Failed to read the 'contentDocument' property from 'HTMLIFrameElement': Blocked a frame with origin "https://www.google.co.in" from accessing a frame with origin "chrome-search://most-visited".  The frame requesting access has a protocol of "https", the frame being accessed has a protocol of "chrome-search". Protocols must match.
", source: chrome-extension://laankejkbhbdhmipfmgcngdelahlfoji/core/vendor/jquery.min.js (2)
[1:1:1114/073422:ERROR:PlatformKeyboardEvent.cpp(117)] Not implemented reached in static PlatformEvent::Modifiers blink::PlatformKeyboardEvent::getCurrentModifierState()
[1:1:1114/073422:ERROR:PlatformKeyboardEvent.cpp(117)] Not implemented reached in static PlatformEvent::Modifiers blink::PlatformKeyboardEvent::getCurrentModifierState()
[1:1:1114/073431:ERROR:PlatformKeyboardEvent.cpp(117)] Not implemented reached in static PlatformEvent::Modifiers blink::PlatformKeyboardEvent::getCurrentModifierState()
[1:1:1114/073432:ERROR:PlatformKeyboardEvent.cpp(117)] Not implemented reached in static PlatformEvent::Modifiers blink::PlatformKeyboardEvent::getCurrentModifierState()
[1:1:1114/073433:ERROR:PlatformKeyboardEvent.cpp(117)] Not implemented reached in static PlatformEvent::Modifiers blink::PlatformKeyboardEvent::getCurrentModifierState()
[1:1:1114/073434:ERROR:PlatformKeyboardEvent.cpp(117)] Not implemented reached in static PlatformEvent::Modifiers blink::PlatformKeyboardEvent::getCurrentModifierState()
[1:1:1114/073438:ERROR:PlatformKeyboardEvent.cpp(117)] Not implemented reached in static PlatformEvent::Modifiers blink::PlatformKeyboardEvent::getCurrentModifierState()
[1:1:1114/073440:ERROR:PlatformKeyboardEvent.cpp(117)] Not implemented reached in static PlatformEvent::Modifiers blink::PlatformKeyboardEvent::getCurrentModifierState()
[1:1:1114/073442:ERROR:PlatformKeyboardEvent.cpp(117)] Not implemented reached in static PlatformEvent::Modifiers blink::PlatformKeyboardEvent::getCurrentModifierState()
[1:1:1114/073443:ERROR:PlatformKeyboardEvent.cpp(117)] Not implemented reached in static PlatformEvent::Modifiers blink::PlatformKeyboardEvent::getCurrentModifierState()
[1:1:1114/073444:ERROR:PlatformKeyboardEvent.cpp(117)] Not implemented reached in static PlatformEvent::Modifiers blink::PlatformKeyboardEvent::getCurrentModifierState()
[1:1:1114/073444:ERROR:PlatformKeyboardEvent.cpp(117)] Not implemented reached in static PlatformEvent::Modifiers blink::PlatformKeyboardEvent::getCurrentModifierState()
[1:1:1114/073447:ERROR:PlatformKeyboardEvent.cpp(117)] Not implemented reached in static PlatformEvent::Modifiers blink::PlatformKeyboardEvent::getCurrentModifierState()
[1:1:1114/073447:ERROR:PlatformKeyboardEvent.cpp(117)] Not implemented reached in static PlatformEvent::Modifiers blink::PlatformKeyboardEvent::getCurrentModifierState()
[1:1:1114/073447:ERROR:PlatformKeyboardEvent.cpp(117)] Not implemented reached in static PlatformEvent::Modifiers blink::PlatformKeyboardEvent::getCurrentModifierState()
[1:1:1114/073447:ERROR:PlatformKeyboardEvent.cpp(117)] Not implemented reached in static PlatformEvent::Modifiers blink::PlatformKeyboardEvent::getCurrentModifierState()
[1:1:1114/073449:ERROR:PlatformKeyboardEvent.cpp(117)] Not implemented reached in static PlatformEvent::Modifiers blink::PlatformKeyboardEvent::getCurrentModifierState()
[1:1:1114/073453:ERROR:PlatformKeyboardEvent.cpp(117)] Not implemented reached in static PlatformEvent::Modifiers blink::PlatformKeyboardEvent::getCurrentModifierState()
[1:1:1114/073508:ERROR:PlatformKeyboardEvent.cpp(117)] Not implemented reached in static PlatformEvent::Modifiers blink::PlatformKeyboardEvent::getCurrentModifierState()
[1:1:1114/073539:ERROR:PlatformKeyboardEvent.cpp(117)] Not implemented reached in static PlatformEvent::Modifiers blink::PlatformKeyboardEvent::getCurrentModifierState()
[1:1:1114/073550:ERROR:PlatformKeyboardEvent.cpp(117)] Not implemented reached in static PlatformEvent::Modifiers blink::PlatformKeyboardEvent::getCurrentModifierState()
[1:1:1114/073550:ERROR:PlatformKeyboardEvent.cpp(117)] Not implemented reached in static PlatformEvent::Modifiers blink::PlatformKeyboardEvent::getCurrentModifierState()
[1:1:1114/073603:ERROR:PlatformKeyboardEvent.cpp(117)] Not implemented reached in static PlatformEvent::Modifiers blink::PlatformKeyboardEvent::getCurrentModifierState()
[1:1:1114/073605:ERROR:PlatformKeyboardEvent.cpp(117)] Not implemented reached in static PlatformEvent::Modifiers blink::PlatformKeyboardEvent::getCurrentModifierState()
[1:1:1114/073605:ERROR:PlatformKeyboardEvent.cpp(117)] Not implemented reached in static PlatformEvent::Modifiers blink::PlatformKeyboardEvent::getCurrentModifierState()
[1:1:1114/073605:ERROR:PlatformKeyboardEvent.cpp(117)] Not implemented reached in static PlatformEvent::Modifiers blink::PlatformKeyboardEvent::getCurrentModifierState()
[1:1:1114/073606:ERROR:PlatformKeyboardEvent.cpp(117)] Not implemented reached in static PlatformEvent::Modifiers blink::PlatformKeyboardEvent::getCurrentModifierState()
[1:1:1114/073606:ERROR:PlatformKeyboardEvent.cpp(117)] Not implemented reached in static PlatformEvent::Modifiers blink::PlatformKeyboardEvent::getCurrentModifierState()
[1:1:1114/073607:ERROR:PlatformKeyboardEvent.cpp(117)] Not implemented reached in static PlatformEvent::Modifiers blink::PlatformKeyboardEvent::getCurrentModifierState()
[1:1:1114/073609:ERROR:PlatformKeyboardEvent.cpp(117)] Not implemented reached in static PlatformEvent::Modifiers blink::PlatformKeyboardEvent::getCurrentModifierState()
[1:1:1114/073610:ERROR:PlatformKeyboardEvent.cpp(117)] Not implemented reached in static PlatformEvent::Modifiers blink::PlatformKeyboardEvent::getCurrentModifierState()
[1:1:1114/073610:ERROR:PlatformKeyboardEvent.cpp(117)] Not implemented reached in static PlatformEvent::Modifiers blink::PlatformKeyboardEvent::getCurrentModifierState()
[1:1:1114/073610:ERROR:PlatformKeyboardEvent.cpp(117)] Not implemented reached in static PlatformEvent::Modifiers blink::PlatformKeyboardEvent::getCurrentModifierState()
[1:1:1114/073610:ERROR:PlatformKeyboardEvent.cpp(117)] Not implemented reached in static PlatformEvent::Modifiers blink::PlatformKeyboardEvent::getCurrentModifierState()
[1:1:1114/073612:ERROR:PlatformKeyboardEvent.cpp(117)] Not implemented reached in static PlatformEvent::Modifiers blink::PlatformKeyboardEvent::getCurrentModifierState()
[1:1:1114/073728:ERROR:PlatformKeyboardEvent.cpp(117)] Not implemented reached in static PlatformEvent::Modifiers blink::PlatformKeyboardEvent::getCurrentModifierState()
[1:1:1114/073728:ERROR:PlatformKeyboardEvent.cpp(117)] Not implemented reached in static PlatformEvent::Modifiers blink::PlatformKeyboardEvent::getCurrentModifierState()
[1:1:1114/073827:ERROR:PlatformKeyboardEvent.cpp(117)] Not implemented reached in static PlatformEvent::Modifiers blink::PlatformKeyboardEvent::getCurrentModifierState()
[1:1:1114/073828:ERROR:PlatformKeyboardEvent.cpp(117)] Not implemented reached in static PlatformEvent::Modifiers blink::PlatformKeyboardEvent::getCurrentModifierState()
[1:1:1114/073917:ERROR:PlatformKeyboardEvent.cpp(117)] Not implemented reached in static PlatformEvent::Modifiers blink::PlatformKeyboardEvent::getCurrentModifierState()
[1:1:1114/073919:ERROR:PlatformKeyboardEvent.cpp(117)] Not implemented reached in static PlatformEvent::Modifiers blink::PlatformKeyboardEvent::getCurrentModifierState()
[1:1:1114/073919:ERROR:PlatformKeyboardEvent.cpp(117)] Not implemented reached in static PlatformEvent::Modifiers blink::PlatformKeyboardEvent::getCurrentModifierState()
[1:1:1114/073919:ERROR:PlatformKeyboardEvent.cpp(117)] Not implemented reached in static PlatformEvent::Modifiers blink::PlatformKeyboardEvent::getCurrentModifierState()
[1:1:1114/073925:ERROR:PlatformKeyboardEvent.cpp(117)] Not implemented reached in static PlatformEvent::Modifiers blink::PlatformKeyboardEvent::getCurrentModifierState()
[1:1:1114/073927:ERROR:PlatformKeyboardEvent.cpp(117)] Not implemented reached in static PlatformEvent::Modifiers blink::PlatformKeyboardEvent::getCurrentModifierState()
[1:1:1114/073929:ERROR:PlatformKeyboardEvent.cpp(117)] Not implemented reached in static PlatformEvent::Modifiers blink::PlatformKeyboardEvent::getCurrentModifierState()
[1:1:1114/073929:ERROR:PlatformKeyboardEvent.cpp(117)] Not implemented reached in static PlatformEvent::Modifiers blink::PlatformKeyboardEvent::getCurrentModifierState()
[1:1:1114/073931:ERROR:PlatformKeyboardEvent.cpp(117)] Not implemented reached in static PlatformEvent::Modifiers blink::PlatformKeyboardEvent::getCurrentModifierState()
[1:1:1114/073931:ERROR:PlatformKeyboardEvent.cpp(117)] Not implemented reached in static PlatformEvent::Modifiers blink::PlatformKeyboardEvent::getCurrentModifierState()
[1:1:1114/073931:ERROR:PlatformKeyboardEvent.cpp(117)] Not implemented reached in static PlatformEvent::Modifiers blink::PlatformKeyboardEvent::getCurrentModifierState()
[1:1:1114/073932:ERROR:PlatformKeyboardEvent.cpp(117)] Not implemented reached in static PlatformEvent::Modifiers blink::PlatformKeyboardEvent::getCurrentModifierState()
[1:1:1114/073933:ERROR:PlatformKeyboardEvent.cpp(117)] Not implemented reached in static PlatformEvent::Modifiers blink::PlatformKeyboardEvent::getCurrentModifierState()
[1:1:1114/073939:ERROR:PlatformKeyboardEvent.cpp(117)] Not implemented reached in static PlatformEvent::Modifiers blink::PlatformKeyboardEvent::getCurrentModifierState()
[1:1:1114/073939:ERROR:PlatformKeyboardEvent.cpp(117)] Not implemented reached in static PlatformEvent::Modifiers blink::PlatformKeyboardEvent::getCurrentModifierState()
[1:1:1114/073940:ERROR:PlatformKeyboardEvent.cpp(117)] Not implemented reached in static PlatformEvent::Modifiers blink::PlatformKeyboardEvent::getCurrentModifierState()
[WARNING:flash/platform/pepper/pep_module.cpp(63)] SANDBOXED
